Using pre-set license
Built from '2023.2/staging' branch; Version is '2023.2.7f1 (0a9195b3d453) revision 692629'; Using compiler version '193431935'; Build Type 'Release'
OS: 'Windows 10  (10.0.19045) 64bit Professional' Language: 'zh' Physical Memory: 32671 MB
BatchMode: 1, IsHumanControllingUs: 0, StartBugReporterOnCrash: 0, Is64bit: 1, IsPro: 1

COMMAND LINE ARGUMENTS:
E:\Program Files\2023.2.7f1\Editor\Unity.exe
-adb2
-batchMode
-noUpm
-name
AssetImportWorker2
-projectPath
E:/myexe/AngryBots2/AngryBots2_Project
-logFile
Logs/AssetImportWorker2.log
-srvPort
54599
-job-worker-count
7
-background-job-worker-count
8
-asset-garbage-collectors
1
Successfully changed project path to: E:/myexe/AngryBots2/AngryBots2_Project
E:/myexe/AngryBots2/AngryBots2_Project
[UnityMemory] Configuration Parameters - Can be set up in boot.config
    "memorysetup-bucket-allocator-granularity=16"
    "memorysetup-bucket-allocator-bucket-count=8"
    "memorysetup-bucket-allocator-block-size=33554432"
    "memorysetup-bucket-allocator-block-count=8"
    "memorysetup-main-allocator-block-size=16777216"
    "memorysetup-thread-allocator-block-size=16777216"
    "memorysetup-gfx-main-allocator-block-size=16777216"
    "memorysetup-gfx-thread-allocator-block-size=16777216"
    "memorysetup-cache-allocator-block-size=4194304"
    "memorysetup-typetree-allocator-block-size=2097152"
    "memorysetup-profiler-bucket-allocator-granularity=16"
    "memorysetup-profiler-bucket-allocator-bucket-count=8"
    "memorysetup-profiler-bucket-allocator-block-size=33554432"
    "memorysetup-profiler-bucket-allocator-block-count=8"
    "memorysetup-profiler-allocator-block-size=16777216"
    "memorysetup-profiler-editor-allocator-block-size=1048576"
    "memorysetup-temp-allocator-size-main=16777216"
    "memorysetup-job-temp-allocator-block-size=2097152"
    "memorysetup-job-temp-allocator-block-size-background=1048576"
    "memorysetup-job-temp-allocator-reduction-small-platforms=262144"
    "memorysetup-allocator-temp-initial-block-size-main=262144"
    "memorysetup-allocator-temp-initial-block-size-worker=262144"
    "memorysetup-temp-allocator-size-background-worker=32768"
    "memorysetup-temp-allocator-size-job-worker=262144"
    "memorysetup-temp-allocator-size-preload-manager=33554432"
    "memorysetup-temp-allocator-size-nav-mesh-worker=65536"
    "memorysetup-temp-allocator-size-audio-worker=65536"
    "memorysetup-temp-allocator-size-cloud-worker=32768"
    "memorysetup-temp-allocator-size-gi-baking-worker=262144"
    "memorysetup-temp-allocator-size-gi-baking-worker=262144"
    "memorysetup-temp-allocator-size-gi-baking-worker=262144"
    "memorysetup-temp-allocator-size-gi-baking-worker=262144"
    "memorysetup-temp-allocator-size-gfx=262144"
Player connection [27020] Host "[IP] 192.168.56.1 [Port] 0 [Flags] 2 [Guid] 2926411082 [EditorId] 2926411082 [Version] 1048832 [Id] WindowsEditor(7,Andy-PC) [Debug] 1 [PackageName] WindowsEditor [ProjectName] Editor" joined multi-casting on [225.0.0.222:54997]...
Player connection [27020] Host "[IP] 192.168.56.1 [Port] 0 [Flags] 2 [Guid] 2926411082 [EditorId] 2926411082 [Version] 1048832 [Id] WindowsEditor(7,Andy-PC) [Debug] 1 [PackageName] WindowsEditor [ProjectName] Editor" joined alternative multi-casting on [225.0.0.222:34997]...
JobSystem: Creating JobQueue using job-worker-count value 7
[Physics::Module] Initialized MultithreadedJobDispatcher with 7 workers.
Library Redirect Path: Library/
Refreshing native plugins compatible for Editor in 4.30 ms, found 2 plugins.
Preloading 0 native plugins for Editor in 0.00 ms.
Initialize engine version: 2023.2.7f1 (0a9195b3d453)
[Subsystems] Discovering subsystems at path E:/Program Files/2023.2.7f1/Editor/Data/Resources/UnitySubsystems
[Subsystems] Discovering subsystems at path E:/myexe/AngryBots2/AngryBots2_Project/Assets
GfxDevice: creating device client; kGfxThreadingModeNonThreaded
Direct3D:
    Version:  Direct3D 11.0 [level 11.1]
    Renderer: NVIDIA GeForce RTX 2060 SUPER (ID=0x1f06)
    Vendor:   NVIDIA
    VRAM:     8019 MB
    Driver:   31.0.15.4633
Initialize mono
Mono path[0] = 'E:/Program Files/2023.2.7f1/Editor/Data/Managed'
Mono path[1] = 'E:/Program Files/2023.2.7f1/Editor/Data/MonoBleedingEdge/lib/mono/unityjit-win32'
Mono config path = 'E:/Program Files/2023.2.7f1/Editor/Data/MonoBleedingEdge/etc'
Using monoOptions --debugger-agent=transport=dt_socket,embedding=1,server=y,suspend=n,address=127.0.0.1:56880
Begin MonoManager ReloadAssembly
C:\build\output\Unity-Technologies\mono\mono\metadata\icall.c:1842:
C:\build\output\Unity-Technologies\mono\mono\metadata\icall.c:1842:
C:\build\output\Unity-Technologies\mono\mono\metadata\icall.c:1842:
C:\build\output\Unity-Technologies\mono\mono\metadata\icall.c:1842:
C:\build\output\Unity-Technologies\mono\mono\metadata\icall.c:1842:
C:\build\output\Unity-Technologies\mono\mono\metadata\icall.c:1842:
C:\build\output\Unity-Technologies\mono\mono\metadata\icall.c:1842:
C:\build\output\Unity-Technologies\mono\mono\metadata\icall.c:1842:
C:\build\output\Unity-Technologies\mono\mono\metadata\icall.c:1842:
C:\build\output\Unity-Technologies\mono\mono\metadata\icall.c:1842:
Registering precompiled unity dll's ...
Register platform support module: E:/Program Files/2023.2.7f1/Editor/Data/PlaybackEngines/WindowsStandaloneSupport/UnityEditor.WindowsStandalone.Extensions.dll
Registered in 0.002070 seconds.
- Loaded All Assemblies, in  0.458 seconds
Native extension for WindowsStandalone target not found
Mono: successfully reloaded assembly
C:\build\output\Unity-Technologies\mono\mono\metadata\icall.c:1842:
C:\build\output\Unity-Technologies\mono\mono\metadata\icall.c:1842:
- Finished resetting the current domain, in  0.354 seconds
Domain Reload Profiling: 812ms
	BeginReloadAssembly (175ms)
		ExecutionOrderSort (0ms)
		DisableScriptedObjects (0ms)
		BackupInstance (0ms)
		ReleaseScriptingObjects (0ms)
		CreateAndSetChildDomain (1ms)
	RebuildCommonClasses (45ms)
	RebuildNativeTypeToScriptingClass (14ms)
	initialDomainReloadingComplete (45ms)
	LoadAllAssembliesAndSetupDomain (177ms)
		LoadAssemblies (174ms)
		RebuildTransferFunctionScriptingTraits (0ms)
		AnalyzeDomain (175ms)
			TypeCache.Refresh (173ms)
				TypeCache.ScanAssembly (159ms)
			BuildScriptInfoCaches (0ms)
			ResolveRequiredComponents (0ms)
	FinalizeReload (355ms)
		ReleaseScriptCaches (0ms)
		RebuildScriptCaches (0ms)
		SetupLoadedEditorAssemblies (296ms)
			LogAssemblyErrors (0ms)
			InitializePlatformSupportModulesInManaged (10ms)
			SetLoadedEditorAssemblies (6ms)
			BeforeProcessingInitializeOnLoad (9ms)
			ProcessInitializeOnLoadAttributes (213ms)
			ProcessInitializeOnLoadMethodAttributes (56ms)
			AfterProcessingInitializeOnLoad (0ms)
			EditorAssembliesLoaded (0ms)
		ExecutionOrderSort2 (0ms)
		AwakeInstancesAfterBackupRestoration (0ms)
========================================================================
Worker process is ready to serve import requests
Import Worker Mode flag is 0x00
Begin MonoManager ReloadAssembly
C:\build\output\Unity-Technologies\mono\mono\metadata\icall.c:1842:
C:\build\output\Unity-Technologies\mono\mono\metadata\icall.c:1842:
C:\build\output\Unity-Technologies\mono\mono\metadata\icall.c:1842:
C:\build\output\Unity-Technologies\mono\mono\metadata\icall.c:1842:
C:\build\output\Unity-Technologies\mono\mono\metadata\icall.c:1842:
C:\build\output\Unity-Technologies\mono\mono\metadata\icall.c:1842:
C:\build\output\Unity-Technologies\mono\mono\metadata\icall.c:1842:
C:\build\output\Unity-Technologies\mono\mono\metadata\icall.c:1842:
C:\build\output\Unity-Technologies\mono\mono\metadata\icall.c:1842:
C:\build\output\Unity-Technologies\mono\mono\metadata\icall.c:1842:
C:\build\output\Unity-Technologies\mono\mono\metadata\icall.c:1842:
C:\build\output\Unity-Technologies\mono\mono\metadata\icall.c:1842:
Symbol file LoadedFromMemory is not a mono symbol file
- Loaded All Assemblies, in  0.944 seconds
Refreshing native plugins compatible for Editor in 4.49 ms, found 2 plugins.
Native extension for WindowsStandalone target not found
Mono: successfully reloaded assembly
- Finished resetting the current domain, in  1.037 seconds
Domain Reload Profiling: 1980ms
	BeginReloadAssembly (382ms)
		ExecutionOrderSort (0ms)
		DisableScriptedObjects (6ms)
		BackupInstance (0ms)
		ReleaseScriptingObjects (0ms)
		CreateAndSetChildDomain (36ms)
	RebuildCommonClasses (45ms)
	RebuildNativeTypeToScriptingClass (15ms)
	initialDomainReloadingComplete (41ms)
	LoadAllAssembliesAndSetupDomain (460ms)
		LoadAssemblies (426ms)
		RebuildTransferFunctionScriptingTraits (0ms)
		AnalyzeDomain (165ms)
			TypeCache.Refresh (129ms)
				TypeCache.ScanAssembly (110ms)
			BuildScriptInfoCaches (29ms)
			ResolveRequiredComponents (5ms)
	FinalizeReload (1038ms)
		ReleaseScriptCaches (0ms)
		RebuildScriptCaches (0ms)
		SetupLoadedEditorAssemblies (791ms)
			LogAssemblyErrors (0ms)
			InitializePlatformSupportModulesInManaged (3ms)
			SetLoadedEditorAssemblies (8ms)
			BeforeProcessingInitializeOnLoad (111ms)
			ProcessInitializeOnLoadAttributes (454ms)
			ProcessInitializeOnLoadMethodAttributes (214ms)
			AfterProcessingInitializeOnLoad (2ms)
			EditorAssembliesLoaded (0ms)
		ExecutionOrderSort2 (0ms)
		AwakeInstancesAfterBackupRestoration (8ms)
Launched and connected shader compiler UnityShaderCompiler.exe after 0.01 seconds
Refreshing native plugins compatible for Editor in 7.03 ms, found 2 plugins.
Preloading 0 native plugins for Editor in 0.00 ms.
Unloading 48 Unused Serialized files (Serialized files now loaded: 0)
Unloading 3338 unused Assets / (1.2 MB). Loaded Objects now: 3913.
Memory consumption went from 128.9 MB to 127.7 MB.
Total: 17.576500 ms (FindLiveObjects: 0.893400 ms CreateObjectMapping: 0.402300 ms MarkObjects: 14.651300 ms  DeleteObjects: 1.627300 ms)

========================================================================
Received Import Request.
  Time since last request: 6865.328211 seconds.
  path: Assets/Environment/Props/Barrels/Textures/BarrelSmall_NRM.tga
  artifactKey: Guid(ea9995c779f7f9741acc869773001e6e) Importer(2089858483,192608db42251d675da83286b1cce702)
Start importing Assets/Environment/Props/Barrels/Textures/BarrelSmall_NRM.tga using Guid(ea9995c779f7f9741acc869773001e6e) Importer(2089858483,192608db42251d675da83286b1cce702) (ScriptedImporter)Generated GUIDs only implemented for interfaces!
 -> (artifact id: '05b007d32f4bd9ede95f736b950e2930') in 0.1881333 seconds
Number of updated asset objects reloaded before import = 0Number of asset objects unloaded after import = 1

========================================================================
Received Import Request.
  Time since last request: 0.000019 seconds.
  path: Assets/Environment/Doors/SlidingDoor/Textures/SlidingDoorFrame_NRM.tga
  artifactKey: Guid(c366638393799aa4480d96b839cf97b9) Importer(2089858483,192608db42251d675da83286b1cce702)
Start importing Assets/Environment/Doors/SlidingDoor/Textures/SlidingDoorFrame_NRM.tga using Guid(c366638393799aa4480d96b839cf97b9) Importer(2089858483,192608db42251d675da83286b1cce702) (ScriptedImporter)Generated GUIDs only implemented for interfaces!
 -> (artifact id: 'cdca7cdd34da277809a93defdf4258e8') in 0.0384763 seconds
Number of updated asset objects reloaded before import = 0Number of asset objects unloaded after import = 1

========================================================================
Received Import Request.
  Time since last request: 0.000082 seconds.
  path: Assets/NavMeshComponents/Scripts/NavMeshComponents.asmdef
  artifactKey: Guid(80b73ad69883a34478ce2010db71ea9f) Importer(2089858483,192608db42251d675da83286b1cce702)
Start importing Assets/NavMeshComponents/Scripts/NavMeshComponents.asmdef using Guid(80b73ad69883a34478ce2010db71ea9f) Importer(2089858483,192608db42251d675da83286b1cce702) (ScriptedImporter)Generated GUIDs only implemented for interfaces!
 -> (artifact id: 'a96e89ca475deb5a7ed15049f6510ea0') in 0.0121379 seconds
Number of updated asset objects reloaded before import = 0Number of asset objects unloaded after import = 1

========================================================================
Received Import Request.
  Time since last request: 0.000046 seconds.
  path: Assets/Scripts/EnemySpider/EnemyChaseMovement.cs
  artifactKey: Guid(181eb7ab0936c4702b7ecf1a83221895) Importer(2089858483,192608db42251d675da83286b1cce702)
Start importing Assets/Scripts/EnemySpider/EnemyChaseMovement.cs using Guid(181eb7ab0936c4702b7ecf1a83221895) Importer(2089858483,192608db42251d675da83286b1cce702) (ScriptedImporter)Generated GUIDs only implemented for interfaces!
 -> (artifact id: '8bb18688e2be7d1b115e85602292d346') in 0.0120036 seconds
Number of updated asset objects reloaded before import = 0Number of asset objects unloaded after import = 0

========================================================================
Received Import Request.
  Time since last request: 0.000058 seconds.
  path: Assets/Environment/Doors/ExteriorDoor/Materials/Exterior_door_B_Mat.mat
  artifactKey: Guid(44bdcfeacbd394144be657b30d924c31) Importer(2089858483,192608db42251d675da83286b1cce702)
Start importing Assets/Environment/Doors/ExteriorDoor/Materials/Exterior_door_B_Mat.mat using Guid(44bdcfeacbd394144be657b30d924c31) Importer(2089858483,192608db42251d675da83286b1cce702) (ScriptedImporter)Generated GUIDs only implemented for interfaces!
 -> (artifact id: 'a0d32ac49d870445614753ebeaddf1c8') in 0.0190499 seconds
Number of updated asset objects reloaded before import = 0Number of asset objects unloaded after import = 1

========================================================================
Received Import Request.
  Time since last request: 0.000067 seconds.
  path: Assets/Environment/Displays/Textures/WallScreen_NRM.tga
  artifactKey: Guid(b2ec278de826e4bc09eaa3546768c678) Importer(2089858483,192608db42251d675da83286b1cce702)
Start importing Assets/Environment/Displays/Textures/WallScreen_NRM.tga using Guid(b2ec278de826e4bc09eaa3546768c678) Importer(2089858483,192608db42251d675da83286b1cce702) (ScriptedImporter)Generated GUIDs only implemented for interfaces!
 -> (artifact id: 'f6cdbf94b0024fe3fd9e3f0ccde63cbe') in 0.0340432 seconds
Number of updated asset objects reloaded before import = 0Number of asset objects unloaded after import = 1

========================================================================
Received Import Request.
  Time since last request: 0.000058 seconds.
  path: Assets/Environment/Props/Plants/Textures/Plant_A_D.tga
  artifactKey: Guid(e7e6749aea7a2264280da79da717f06b) Importer(2089858483,192608db42251d675da83286b1cce702)
Start importing Assets/Environment/Props/Plants/Textures/Plant_A_D.tga using Guid(e7e6749aea7a2264280da79da717f06b) Importer(2089858483,192608db42251d675da83286b1cce702) (ScriptedImporter)Generated GUIDs only implemented for interfaces!
 -> (artifact id: '2941fc309628df8ba3e6e22600842de3') in 0.033957 seconds
Number of updated asset objects reloaded before import = 0Number of asset objects unloaded after import = 1

========================================================================
Received Import Request.
  Time since last request: 0.000057 seconds.
  path: Assets/Environment/Props/Screens/Materials/SmallScreenBroken-lambert2.mat
  artifactKey: Guid(9d96467e833de4ef5b5da209405bc9dd) Importer(2089858483,192608db42251d675da83286b1cce702)
Start importing Assets/Environment/Props/Screens/Materials/SmallScreenBroken-lambert2.mat using Guid(9d96467e833de4ef5b5da209405bc9dd) Importer(2089858483,192608db42251d675da83286b1cce702) (ScriptedImporter)Generated GUIDs only implemented for interfaces!
 -> (artifact id: '5f44a86a03debc30484049f4dd4e4e16') in 0.015131 seconds
Number of updated asset objects reloaded before import = 0Number of asset objects unloaded after import = 1

========================================================================
Received Import Request.
  Time since last request: 0.000078 seconds.
  path: Assets/Environment/Props/RespawnChamber/Textures/Terminals_E.tga
  artifactKey: Guid(b14632a35228c8c478330cf5d9a884ad) Importer(2089858483,192608db42251d675da83286b1cce702)
Start importing Assets/Environment/Props/RespawnChamber/Textures/Terminals_E.tga using Guid(b14632a35228c8c478330cf5d9a884ad) Importer(2089858483,192608db42251d675da83286b1cce702) (ScriptedImporter)Generated GUIDs only implemented for interfaces!
 -> (artifact id: '5bdfafe9152e2df063ec6011756a6668') in 0.0335446 seconds
Number of updated asset objects reloaded before import = 0Number of asset objects unloaded after import = 1

========================================================================
Received Import Request.
  Time since last request: 0.000068 seconds.
  path: Assets/Environment/Props/Screens/Materials/SmallScreen_1-lambert2.mat
  artifactKey: Guid(310210da5d785460aba9e6f39edac67d) Importer(2089858483,192608db42251d675da83286b1cce702)
Start importing Assets/Environment/Props/Screens/Materials/SmallScreen_1-lambert2.mat using Guid(310210da5d785460aba9e6f39edac67d) Importer(2089858483,192608db42251d675da83286b1cce702) (ScriptedImporter)Generated GUIDs only implemented for interfaces!
 -> (artifact id: '3dd46b9340d5992f963f781a0c08abe2') in 0.016047 seconds
Number of updated asset objects reloaded before import = 0Number of asset objects unloaded after import = 1

========================================================================
Received Import Request.
  Time since last request: 0.000019 seconds.
  path: Assets/Environment/Props/Crates/Textures/crateMedium_E.tga
  artifactKey: Guid(bc9aaa73283168940ba6c8fccf3378bd) Importer(2089858483,192608db42251d675da83286b1cce702)
Start importing Assets/Environment/Props/Crates/Textures/crateMedium_E.tga using Guid(bc9aaa73283168940ba6c8fccf3378bd) Importer(2089858483,192608db42251d675da83286b1cce702) (ScriptedImporter)Generated GUIDs only implemented for interfaces!
 -> (artifact id: '95737819155c2d34fa83954e9ebe9613') in 0.0322468 seconds
Number of updated asset objects reloaded before import = 0Number of asset objects unloaded after import = 1

========================================================================
Received Import Request.
  Time since last request: 0.000049 seconds.
  path: Assets/Environment/Props/RespawnChamber/Materials/Terminals_Mat.mat
  artifactKey: Guid(64099dd0b91c3450191d412a45b5881a) Importer(2089858483,192608db42251d675da83286b1cce702)
Start importing Assets/Environment/Props/RespawnChamber/Materials/Terminals_Mat.mat using Guid(64099dd0b91c3450191d412a45b5881a) Importer(2089858483,192608db42251d675da83286b1cce702) (ScriptedImporter)Generated GUIDs only implemented for interfaces!
 -> (artifact id: 'ae484df65c78fa548963e343a64b9425') in 0.0156173 seconds
Number of updated asset objects reloaded before import = 0Number of asset objects unloaded after import = 1

========================================================================
Received Import Request.
  Time since last request: 0.000033 seconds.
  path: Assets/Environment/Props/Screens/Materials/SmallScreen_9-lambert2.mat
  artifactKey: Guid(5d6511d1f7599466c9cf889dc8e7b29c) Importer(2089858483,192608db42251d675da83286b1cce702)
Start importing Assets/Environment/Props/Screens/Materials/SmallScreen_9-lambert2.mat using Guid(5d6511d1f7599466c9cf889dc8e7b29c) Importer(2089858483,192608db42251d675da83286b1cce702) (ScriptedImporter)Generated GUIDs only implemented for interfaces!
 -> (artifact id: '71948275691dd66a94e5d8468ca72f1f') in 0.0140131 seconds
Number of updated asset objects reloaded before import = 0Number of asset objects unloaded after import = 1

========================================================================
Received Import Request.
  Time since last request: 0.000053 seconds.
  path: Assets/Environment/Props/Crates/Textures/crateSmall_N.tga
  artifactKey: Guid(204c90cc735a53a478a7d6765e76415a) Importer(2089858483,192608db42251d675da83286b1cce702)
Start importing Assets/Environment/Props/Crates/Textures/crateSmall_N.tga using Guid(204c90cc735a53a478a7d6765e76415a) Importer(2089858483,192608db42251d675da83286b1cce702) (ScriptedImporter)Generated GUIDs only implemented for interfaces!
 -> (artifact id: '19f9098cb775c7755d61b554a4889075') in 0.0343379 seconds
Number of updated asset objects reloaded before import = 0Number of asset objects unloaded after import = 1

========================================================================
Received Import Request.
  Time since last request: 0.000046 seconds.
  path: Assets/Environment/Props/Crates/Materials/crateLarge_mat.mat
  artifactKey: Guid(5e03dd854996acd4fb58cb50b336268d) Importer(2089858483,192608db42251d675da83286b1cce702)
Start importing Assets/Environment/Props/Crates/Materials/crateLarge_mat.mat using Guid(5e03dd854996acd4fb58cb50b336268d) Importer(2089858483,192608db42251d675da83286b1cce702) (ScriptedImporter)Generated GUIDs only implemented for interfaces!
 -> (artifact id: 'af7ddfa489f16ecc41c584f814302dea') in 0.0148877 seconds
Number of updated asset objects reloaded before import = 0Number of asset objects unloaded after import = 1

========================================================================
Received Import Request.
  Time since last request: 0.000093 seconds.
  path: Assets/Environment/Props/Tables/Materials/Enemytable_Mat.mat
  artifactKey: Guid(94328644d994d23459c4ce47821ef820) Importer(2089858483,192608db42251d675da83286b1cce702)
Start importing Assets/Environment/Props/Tables/Materials/Enemytable_Mat.mat using Guid(94328644d994d23459c4ce47821ef820) Importer(2089858483,192608db42251d675da83286b1cce702) (ScriptedImporter)Generated GUIDs only implemented for interfaces!
 -> (artifact id: '7ea69e1aec49957be9d4ca9a662e46c8') in 0.0169318 seconds
Number of updated asset objects reloaded before import = 0Number of asset objects unloaded after import = 1

========================================================================
Received Import Request.
  Time since last request: 0.000086 seconds.
  path: Assets/Environment/Props/Tables/Materials/AdditiveSheet.mat
  artifactKey: Guid(78ae4d6b7f6ab4577957a6588bebca70) Importer(2089858483,192608db42251d675da83286b1cce702)
Start importing Assets/Environment/Props/Tables/Materials/AdditiveSheet.mat using Guid(78ae4d6b7f6ab4577957a6588bebca70) Importer(2089858483,192608db42251d675da83286b1cce702) (ScriptedImporter)Generated GUIDs only implemented for interfaces!
 -> (artifact id: '67df38e9b8b0edcb322679a0cd048107') in 0.0152027 seconds
Number of updated asset objects reloaded before import = 0Number of asset objects unloaded after import = 1

========================================================================
Received Import Request.
  Time since last request: 0.000077 seconds.
  path: Assets/Environment/Props/Screens/Textures/WallScreen_E.tga
  artifactKey: Guid(7ba801dce604c504eb34570070530b1a) Importer(2089858483,192608db42251d675da83286b1cce702)
Start importing Assets/Environment/Props/Screens/Textures/WallScreen_E.tga using Guid(7ba801dce604c504eb34570070530b1a) Importer(2089858483,192608db42251d675da83286b1cce702) (ScriptedImporter)Generated GUIDs only implemented for interfaces!
 -> (artifact id: '35ced7e892b14e140084ec65201ea1c9') in 0.0378944 seconds
Number of updated asset objects reloaded before import = 0Number of asset objects unloaded after import = 1

========================================================================
Received Import Request.
  Time since last request: 0.000027 seconds.
  path: Assets/Prefabs/Environment/Tunnels/ExteriorDoor_Long_Prefab.prefab
  artifactKey: Guid(86ab053debdc0d94cbf3091349b7c85b) Importer(2089858483,192608db42251d675da83286b1cce702)
Start importing Assets/Prefabs/Environment/Tunnels/ExteriorDoor_Long_Prefab.prefab using Guid(86ab053debdc0d94cbf3091349b7c85b) Importer(2089858483,192608db42251d675da83286b1cce702) (ScriptedImporter)Generated GUIDs only implemented for interfaces!
 -> (artifact id: 'a9d06e28d2fe55b269fdd440c6e62bd2') in 0.0250983 seconds
Number of updated asset objects reloaded before import = 0Number of asset objects unloaded after import = 14

========================================================================
Received Import Request.
  Time since last request: 0.000021 seconds.
  path: Assets/Prefabs/Environment/RoomsAndPlatforms/RoundGround_Prefab.prefab
  artifactKey: Guid(b4d2861ebae5eb34fbdf23bd6f5d14a7) Importer(2089858483,192608db42251d675da83286b1cce702)
Start importing Assets/Prefabs/Environment/RoomsAndPlatforms/RoundGround_Prefab.prefab using Guid(b4d2861ebae5eb34fbdf23bd6f5d14a7) Importer(2089858483,192608db42251d675da83286b1cce702) (ScriptedImporter)Generated GUIDs only implemented for interfaces!
 -> (artifact id: '411b38bdbf44ac218df4c2c8c2a67a0f') in 0.022929 seconds
Number of updated asset objects reloaded before import = 0Number of asset objects unloaded after import = 7

========================================================================
Received Import Request.
  Time since last request: 0.000021 seconds.
  path: Assets/VFX (Shared)/Textures/Smoke_01.psd
  artifactKey: Guid(76862aff92e18d74481a8ad41e45509d) Importer(2089858483,192608db42251d675da83286b1cce702)
Start importing Assets/VFX (Shared)/Textures/Smoke_01.psd using Guid(76862aff92e18d74481a8ad41e45509d) Importer(2089858483,192608db42251d675da83286b1cce702) (ScriptedImporter)Generated GUIDs only implemented for interfaces!
 -> (artifact id: '0a71a24f86e98845d0ac8d37016ef22a') in 0.033582 seconds
Number of updated asset objects reloaded before import = 0Number of asset objects unloaded after import = 1

========================================================================
Received Import Request.
  Time since last request: 0.000073 seconds.
  path: Assets/Characters/EnemySpider/Animations/EnemySpider_Die.fbx
  artifactKey: Guid(6e4e693e60f9c8c4e99076a15931187b) Importer(2089858483,192608db42251d675da83286b1cce702)
Start importing Assets/Characters/EnemySpider/Animations/EnemySpider_Die.fbx using Guid(6e4e693e60f9c8c4e99076a15931187b) Importer(2089858483,192608db42251d675da83286b1cce702) (ScriptedImporter)Generated GUIDs only implemented for interfaces!
 -> (artifact id: '08dcc433d04689b2fb43381866b04d9a') in 0.1217733 seconds
Number of updated asset objects reloaded before import = 0Number of asset objects unloaded after import = 198

========================================================================
Received Import Request.
  Time since last request: 0.000019 seconds.
  path: Assets/Environment/Props/Tables/Textures/SpiderWire.psd
  artifactKey: Guid(1668a264bfc454eaab563779289d9e8a) Importer(2089858483,192608db42251d675da83286b1cce702)
Start importing Assets/Environment/Props/Tables/Textures/SpiderWire.psd using Guid(1668a264bfc454eaab563779289d9e8a) Importer(2089858483,192608db42251d675da83286b1cce702) (ScriptedImporter)Generated GUIDs only implemented for interfaces!
 -> (artifact id: '2993dd7d8442731641f15c7750726a00') in 0.0320202 seconds
Number of updated asset objects reloaded before import = 0Number of asset objects unloaded after import = 1

========================================================================
Received Import Request.
  Time since last request: 0.000081 seconds.
  path: Assets/Environment/StructuralElements/Railings/Textures/Railings_E.tga
  artifactKey: Guid(130380f63d3c7aa4999cbf1c51175389) Importer(2089858483,192608db42251d675da83286b1cce702)
Start importing Assets/Environment/StructuralElements/Railings/Textures/Railings_E.tga using Guid(130380f63d3c7aa4999cbf1c51175389) Importer(2089858483,192608db42251d675da83286b1cce702) (ScriptedImporter)Generated GUIDs only implemented for interfaces!
 -> (artifact id: 'b4ea8da8ce648f310d8b1091c775ba6d') in 0.0307225 seconds
Number of updated asset objects reloaded before import = 0Number of asset objects unloaded after import = 1

========================================================================
Received Import Request.
  Time since last request: 0.000038 seconds.
  path: Assets/Environment/StructuralElements/Layout/Textures/LayoutWall02_D.tga
  artifactKey: Guid(edd96cec003d2274989ea2831921dff4) Importer(2089858483,192608db42251d675da83286b1cce702)
Start importing Assets/Environment/StructuralElements/Layout/Textures/LayoutWall02_D.tga using Guid(edd96cec003d2274989ea2831921dff4) Importer(2089858483,192608db42251d675da83286b1cce702) (ScriptedImporter)Generated GUIDs only implemented for interfaces!
 -> (artifact id: 'a7584d1967401006dfa1a75a7ed4bf59') in 0.0353582 seconds
Number of updated asset objects reloaded before import = 0Number of asset objects unloaded after import = 1

========================================================================
Received Import Request.
  Time since last request: 0.000081 seconds.
  path: Assets/Environment/StructuralElements/RoundGround/Textures/RoundGround_E.tga
  artifactKey: Guid(15575124dfeef1c418bcc652c17cc9e1) Importer(2089858483,192608db42251d675da83286b1cce702)
Start importing Assets/Environment/StructuralElements/RoundGround/Textures/RoundGround_E.tga using Guid(15575124dfeef1c418bcc652c17cc9e1) Importer(2089858483,192608db42251d675da83286b1cce702) (ScriptedImporter)Generated GUIDs only implemented for interfaces!
 -> (artifact id: 'e95fbd9bd23d75e6911aea511563a3de') in 0.0382418 seconds
Number of updated asset objects reloaded before import = 0Number of asset objects unloaded after import = 1

========================================================================
Received Import Request.
  Time since last request: 0.000074 seconds.
  path: Assets/Environment/StructuralElements/Layout/Textures/LayoutWall_D.tga
  artifactKey: Guid(add6d74f989382644a64fe6428cfe500) Importer(2089858483,192608db42251d675da83286b1cce702)
Start importing Assets/Environment/StructuralElements/Layout/Textures/LayoutWall_D.tga using Guid(add6d74f989382644a64fe6428cfe500) Importer(2089858483,192608db42251d675da83286b1cce702) (ScriptedImporter)Generated GUIDs only implemented for interfaces!
 -> (artifact id: 'dcd20fac71a7065fa27010f69d9ac1c9') in 0.0326731 seconds
Number of updated asset objects reloaded before import = 0Number of asset objects unloaded after import = 1

========================================================================
Received Import Request.
  Time since last request: 0.000081 seconds.
  path: Assets/Environment/StructuralElements/Layout/Textures/LayoutFloor_NRM.tga
  artifactKey: Guid(465d09bcc52d4514a9b1cb06e68ab6af) Importer(2089858483,192608db42251d675da83286b1cce702)
Start importing Assets/Environment/StructuralElements/Layout/Textures/LayoutFloor_NRM.tga using Guid(465d09bcc52d4514a9b1cb06e68ab6af) Importer(2089858483,192608db42251d675da83286b1cce702) (ScriptedImporter)Generated GUIDs only implemented for interfaces!
 -> (artifact id: 'b1272f45412a65a4e722619a525d54dd') in 0.0343655 seconds
Number of updated asset objects reloaded before import = 0Number of asset objects unloaded after import = 1

========================================================================
Received Import Request.
  Time since last request: 0.000038 seconds.
  path: Assets/Environment/StructuralElements/Layout/Materials/MetalPlating_01_Mat.mat
  artifactKey: Guid(fce101277f7405d41a654a2246a02bb2) Importer(2089858483,192608db42251d675da83286b1cce702)
Start importing Assets/Environment/StructuralElements/Layout/Materials/MetalPlating_01_Mat.mat using Guid(fce101277f7405d41a654a2246a02bb2) Importer(2089858483,192608db42251d675da83286b1cce702) (ScriptedImporter)Generated GUIDs only implemented for interfaces!
 -> (artifact id: '5a54993fb7e203aeb47b0504b01a0659') in 0.0177248 seconds
Number of updated asset objects reloaded before import = 0Number of asset objects unloaded after import = 1

========================================================================
Received Import Request.
  Time since last request: 0.000049 seconds.
  path: Assets/Prefabs/Environment/Decoration/Wallscreens/Screens_Base_Prefab.prefab
  artifactKey: Guid(668df133146f6be498855460b22194a0) Importer(2089858483,192608db42251d675da83286b1cce702)
Start importing Assets/Prefabs/Environment/Decoration/Wallscreens/Screens_Base_Prefab.prefab using Guid(668df133146f6be498855460b22194a0) Importer(2089858483,192608db42251d675da83286b1cce702) (ScriptedImporter)Generated GUIDs only implemented for interfaces!
 -> (artifact id: '82cc946a4b496ddcebcad2a03be70d82') in 0.0191199 seconds
Number of updated asset objects reloaded before import = 0Number of asset objects unloaded after import = 7

========================================================================
Received Import Request.
  Time since last request: 0.000027 seconds.
  path: Assets/Environment/Props/Tables/Textures/Enemy table_NRM.tga
  artifactKey: Guid(41f4ca2d4684ea149bdbd6a2df9854a4) Importer(2089858483,192608db42251d675da83286b1cce702)
Start importing Assets/Environment/Props/Tables/Textures/Enemy table_NRM.tga using Guid(41f4ca2d4684ea149bdbd6a2df9854a4) Importer(2089858483,192608db42251d675da83286b1cce702) (ScriptedImporter)Generated GUIDs only implemented for interfaces!
 -> (artifact id: '2f5833e3884f4dc900f3c844b90e8db3') in 0.0328022 seconds
Number of updated asset objects reloaded before import = 0Number of asset objects unloaded after import = 1

========================================================================
Received Import Request.
  Time since last request: 0.000023 seconds.
  path: Assets/Prefabs/Environment/Decoration/Scaffolding/Scaffold_Base_Prefab.prefab
  artifactKey: Guid(52da4d4918ebca34e9a5030180cb6d86) Importer(2089858483,192608db42251d675da83286b1cce702)
Start importing Assets/Prefabs/Environment/Decoration/Scaffolding/Scaffold_Base_Prefab.prefab using Guid(52da4d4918ebca34e9a5030180cb6d86) Importer(2089858483,192608db42251d675da83286b1cce702) (ScriptedImporter)Generated GUIDs only implemented for interfaces!
 -> (artifact id: '3d10390d037ebd3b025ee1c4b00e95f9') in 0.0192232 seconds
Number of updated asset objects reloaded before import = 0Number of asset objects unloaded after import = 7

========================================================================
Received Import Request.
  Time since last request: 0.000022 seconds.
  path: Assets/Prefabs/Environment/Decoration/Lights/Light_Trim_Side_Prefab.prefab
  artifactKey: Guid(1bc34e509f18cc04b975ccaf0eeaed82) Importer(2089858483,192608db42251d675da83286b1cce702)
Start importing Assets/Prefabs/Environment/Decoration/Lights/Light_Trim_Side_Prefab.prefab using Guid(1bc34e509f18cc04b975ccaf0eeaed82) Importer(2089858483,192608db42251d675da83286b1cce702) (ScriptedImporter)Generated GUIDs only implemented for interfaces!
 -> (artifact id: '8fc7adb12639d0417f87e589ecc21739') in 0.0203105 seconds
Number of updated asset objects reloaded before import = 0Number of asset objects unloaded after import = 7

========================================================================
Received Import Request.
  Time since last request: 0.000026 seconds.
  path: Assets/Environment/StructuralElements/Layout/Textures/LayoutWall_M.tga
  artifactKey: Guid(603e5412dae2a37469522be8b5428ae5) Importer(2089858483,192608db42251d675da83286b1cce702)
Start importing Assets/Environment/StructuralElements/Layout/Textures/LayoutWall_M.tga using Guid(603e5412dae2a37469522be8b5428ae5) Importer(2089858483,192608db42251d675da83286b1cce702) (ScriptedImporter)Generated GUIDs only implemented for interfaces!
 -> (artifact id: '43e757dcf06824eb724a03893f976e9c') in 0.0325438 seconds
Number of updated asset objects reloaded before import = 0Number of asset objects unloaded after import = 1

========================================================================
Received Import Request.
  Time since last request: 0.000123 seconds.
  path: Assets/Environment/Props/Tables/Textures/Enemy table_E.tga
  artifactKey: Guid(5985ae435eb7261448e82d6d20cd5c8e) Importer(2089858483,192608db42251d675da83286b1cce702)
Start importing Assets/Environment/Props/Tables/Textures/Enemy table_E.tga using Guid(5985ae435eb7261448e82d6d20cd5c8e) Importer(2089858483,192608db42251d675da83286b1cce702) (ScriptedImporter)Generated GUIDs only implemented for interfaces!
 -> (artifact id: '7c5415eee21a225dfa9dd300452c8838') in 0.0350382 seconds
Number of updated asset objects reloaded before import = 0Number of asset objects unloaded after import = 1

========================================================================
Received Import Request.
  Time since last request: 0.000076 seconds.
  path: Assets/NavMeshComponents/Editor/NavMeshModifierVolumeEditor.cs
  artifactKey: Guid(19dd58c5c941a1a4b93833edba60c4a2) Importer(2089858483,192608db42251d675da83286b1cce702)
Start importing Assets/NavMeshComponents/Editor/NavMeshModifierVolumeEditor.cs using Guid(19dd58c5c941a1a4b93833edba60c4a2) Importer(2089858483,192608db42251d675da83286b1cce702) (ScriptedImporter)Generated GUIDs only implemented for interfaces!
 -> (artifact id: '8120a3802fc8c9c01ac09d1b4bcd49bb') in 0.0134341 seconds
Number of updated asset objects reloaded before import = 0Number of asset objects unloaded after import = 0

========================================================================
Received Import Request.
  Time since last request: 0.000107 seconds.
  path: Assets/Environment/Rocks/Materials/CliffRock_B_Mat.mat
  artifactKey: Guid(0401502e6f4fecd44a9dc9eec66b1f75) Importer(2089858483,192608db42251d675da83286b1cce702)
Start importing Assets/Environment/Rocks/Materials/CliffRock_B_Mat.mat using Guid(0401502e6f4fecd44a9dc9eec66b1f75) Importer(2089858483,192608db42251d675da83286b1cce702) (ScriptedImporter)Generated GUIDs only implemented for interfaces!
 -> (artifact id: '3229605d552f362b55664ca53b5e5a3f') in 0.0152538 seconds
Number of updated asset objects reloaded before import = 0Number of asset objects unloaded after import = 1

========================================================================
Received Import Request.
  Time since last request: 0.000043 seconds.
  path: Assets/Skyboxes/EmptyHorizon/Top.tif
  artifactKey: Guid(4672d9dabfaf542699dc033fe5c2432d) Importer(2089858483,192608db42251d675da83286b1cce702)
Start importing Assets/Skyboxes/EmptyHorizon/Top.tif using Guid(4672d9dabfaf542699dc033fe5c2432d) Importer(2089858483,192608db42251d675da83286b1cce702) (ScriptedImporter)Generated GUIDs only implemented for interfaces!
 -> (artifact id: 'a8f814c753bffd370b0e0e8ab6562456') in 0.0326865 seconds
Number of updated asset objects reloaded before import = 0Number of asset objects unloaded after import = 1

========================================================================
Received Import Request.
  Time since last request: 0.000060 seconds.
  path: Assets/Environment/StructuralElements/Layout/Textures/LayoutFloor_E.tga
  artifactKey: Guid(587086b0c555e0f479c689afce08c95b) Importer(2089858483,192608db42251d675da83286b1cce702)
Start importing Assets/Environment/StructuralElements/Layout/Textures/LayoutFloor_E.tga using Guid(587086b0c555e0f479c689afce08c95b) Importer(2089858483,192608db42251d675da83286b1cce702) (ScriptedImporter)Generated GUIDs only implemented for interfaces!
 -> (artifact id: 'f520e1c8761dc5b6101b499c351e6f42') in 0.0294541 seconds
Number of updated asset objects reloaded before import = 0Number of asset objects unloaded after import = 1

========================================================================
Received Import Request.
  Time since last request: 0.000086 seconds.
  path: Assets/Environment/Props/Barrels/Cannister.fbx
  artifactKey: Guid(6c9c728ec1c2a4cb5bd330edd5a038eb) Importer(2089858483,192608db42251d675da83286b1cce702)
Start importing Assets/Environment/Props/Barrels/Cannister.fbx using Guid(6c9c728ec1c2a4cb5bd330edd5a038eb) Importer(2089858483,192608db42251d675da83286b1cce702) (ScriptedImporter)Generated GUIDs only implemented for interfaces!
 -> (artifact id: '82ece14d0ab69f29912354d9f7eefcca') in 0.0309797 seconds
Number of updated asset objects reloaded before import = 0Number of asset objects unloaded after import = 8

========================================================================
Received Import Request.
  Time since last request: 0.000020 seconds.
  path: Assets/RenderPipelines/LightweightAsset_LowQuality.asset
  artifactKey: Guid(d2e961fca148df9458a6fd3720ccd655) Importer(2089858483,192608db42251d675da83286b1cce702)
Start importing Assets/RenderPipelines/LightweightAsset_LowQuality.asset using Guid(d2e961fca148df9458a6fd3720ccd655) Importer(2089858483,192608db42251d675da83286b1cce702) (ScriptedImporter)Generated GUIDs only implemented for interfaces!
 -> (artifact id: 'fc2061eb70a398db4f2da8c068aa6767') in 0.0096323 seconds
Number of updated asset objects reloaded before import = 0Number of asset objects unloaded after import = 1

========================================================================
Received Import Request.
  Time since last request: 0.000063 seconds.
  path: Assets/Environment/Shared/Textures/Large_metal_E.tga
  artifactKey: Guid(58e643b71a597a043925c3718c6c852d) Importer(2089858483,192608db42251d675da83286b1cce702)
Start importing Assets/Environment/Shared/Textures/Large_metal_E.tga using Guid(58e643b71a597a043925c3718c6c852d) Importer(2089858483,192608db42251d675da83286b1cce702) (ScriptedImporter)Generated GUIDs only implemented for interfaces!
 -> (artifact id: '21c93d7265fb97943328ff4ef3333598') in 0.0372827 seconds
Number of updated asset objects reloaded before import = 0Number of asset objects unloaded after import = 1

========================================================================
Received Import Request.
  Time since last request: 0.000061 seconds.
  path: Assets/Scenes/Scenes/_CompletedLevel/ReflectionProbe-5.exr
  artifactKey: Guid(7e62a280a3422ab4c946c06e50097a92) Importer(2089858483,192608db42251d675da83286b1cce702)
Start importing Assets/Scenes/Scenes/_CompletedLevel/ReflectionProbe-5.exr using Guid(7e62a280a3422ab4c946c06e50097a92) Importer(2089858483,192608db42251d675da83286b1cce702) (ScriptedImporter)Generated GUIDs only implemented for interfaces!
 -> (artifact id: 'a86e475eb4e68e7448b0843a0ec2b374') in 0.0315095 seconds
Number of updated asset objects reloaded before import = 0Number of asset objects unloaded after import = 1

========================================================================
Received Import Request.
  Time since last request: 0.000064 seconds.
  path: Assets/Prefabs/Environment/Decoration/Pipes/Pipe_Red_Short_Prefab.prefab
  artifactKey: Guid(137d451dd8b154a45939144e1a3aac69) Importer(2089858483,192608db42251d675da83286b1cce702)
Start importing Assets/Prefabs/Environment/Decoration/Pipes/Pipe_Red_Short_Prefab.prefab using Guid(137d451dd8b154a45939144e1a3aac69) Importer(2089858483,192608db42251d675da83286b1cce702) (ScriptedImporter)Generated GUIDs only implemented for interfaces!
 -> (artifact id: '7f876aedaf87d14a801ce0d0c3ec7df7') in 0.0168176 seconds
Number of updated asset objects reloaded before import = 0Number of asset objects unloaded after import = 7

========================================================================
Received Import Request.
  Time since last request: 0.000026 seconds.
  path: Assets/TextMesh Pro/Sprites/EmojiOne Attribution.txt
  artifactKey: Guid(381dcb09d5029d14897e55f98031fca5) Importer(2089858483,192608db42251d675da83286b1cce702)
Start importing Assets/TextMesh Pro/Sprites/EmojiOne Attribution.txt using Guid(381dcb09d5029d14897e55f98031fca5) Importer(2089858483,192608db42251d675da83286b1cce702) (ScriptedImporter)Generated GUIDs only implemented for interfaces!
 -> (artifact id: '6227b80948bfd5789afef4feaba7f92d') in 0.0082008 seconds
Number of updated asset objects reloaded before import = 0Number of asset objects unloaded after import = 1

========================================================================
Received Import Request.
  Time since last request: 0.000063 seconds.
  path: Assets/Environment/Props/Crates/Textures/crateLarge_E.tga
  artifactKey: Guid(5c38cf49511d65a45ab4c97cd43ddbc4) Importer(2089858483,192608db42251d675da83286b1cce702)
Start importing Assets/Environment/Props/Crates/Textures/crateLarge_E.tga using Guid(5c38cf49511d65a45ab4c97cd43ddbc4) Importer(2089858483,192608db42251d675da83286b1cce702) (ScriptedImporter)Generated GUIDs only implemented for interfaces!
 -> (artifact id: 'b52e7a1561e891753f5c22eef027a236') in 0.031489 seconds
Number of updated asset objects reloaded before import = 0Number of asset objects unloaded after import = 1

Editor requested this worker to shutdown with reason: Scaling down because of idle timeout
AssetImportWorker is now disconnected from the server
Process exiting
Exiting without the bug reporter. Application will terminate with return code 0