
=== Sun Jan 28 17:25:42 2024

Packages were changed.
Update Mode: updateDependencies

The following packages were added:
  com.unity.2d.sprite@1.0.0
  com.unity.2d.tilemap@1.0.0
  com.unity.ide.rider@3.0.27
  com.unity.ide.visualstudio@2.0.22
  com.unity.modules.androidjni@1.0.0
  com.unity.test-framework@1.3.9
  com.unity.timeline@1.8.6
  com.unity.ugui@2.0.0
  com.unity.xr.legacyinputhelpers@2.1.10
  com.unity.ai.navigation@2.0.0
  com.unity.modules.accessibility@1.0.0
The following packages were updated:
  com.unity.ads from version 2.3.1 to 4.4.2
  com.unity.analytics from version 3.2.2 to 3.8.1
  com.unity.cinemachine from version 2.2.7 to 2.9.5
  com.unity.collab-proxy from version 1.2.15 to 2.2.0
  com.unity.mathematics from version 0.0.12-preview.19 to 1.2.6
  com.unity.probuilder from version 3.0.9 to 5.2.2
  com.unity.purchasing from version 2.0.3 to 4.10.0
The following packages were removed:
  com.unity.package-manager-ui@2.0.3
  com.unity.render-pipelines.lightweight@4.6.0-preview
  com.unity.textmeshpro@1.3.0
